<?xml version="1.0" encoding="UTF-8"?>
<testng-results ignored="0" total="1" passed="1" failed="0" skipped="0">
  <reporter-output>
  </reporter-output>
  <suite started-at="2025-03-18T12:04:48 IST" name="Default suite" finished-at="2025-03-18T12:05:01 IST" duration-ms="12809">
    <groups>
    </groups>
    <test started-at="2025-03-18T12:04:48 IST" name="Default test" finished-at="2025-03-18T12:05:01 IST" duration-ms="12809">
      <class name="TestPackage.Tc_googleLunch_01_Test">
        <test-method signature="lunchGoogle()[pri:0, instance:TestPackage.Tc_googleLunch_01_Test@6302bbb1]" started-at="2025-03-18T12:04:48 IST" name="lunchGoogle" finished-at="2025-03-18T12:05:01 IST" duration-ms="12667" status="PASS">
          <reporter-output>
          </reporter-output>
        </test-method> <!-- lunchGoogle -->
      </class> <!-- TestPackage.Tc_googleLunch_01_Test -->
    </test> <!-- Default test -->
  </suite> <!-- Default suite -->
</testng-results>
